<?xml version="1.0" encoding="UTF-8"?>
<testng-results ignored="0" total="1" passed="1" failed="0" skipped="0">
  <reporter-output>
  </reporter-output>
  <suite started-at="2025-03-08T18:49:29 EST" name="Surefire suite" finished-at="2025-03-08T18:49:48 EST" duration-ms="18550">
    <groups>
    </groups>
    <test started-at="2025-03-08T18:49:29 EST" name="Surefire test" finished-at="2025-03-08T18:49:48 EST" duration-ms="18550">
      <class name="com.wisdocity.automation.LoginTest">
        <test-method is-config="true" signature="setUp()[pri:0, instance:com.wisdocity.automation.LoginTest@5674e1f2]" started-at="2025-03-08T18:49:29 EST" name="setUp" finished-at="2025-03-08T18:49:32 EST" duration-ms="2541" status="PASS">
          <reporter-output>
          </reporter-output>
        </test-method> <!-- setUp -->
        <test-method signature="login()[pri:0, instance:com.wisdocity.automation.LoginTest@5674e1f2]" started-at="2025-03-08T18:49:32 EST" name="login" finished-at="2025-03-08T18:49:48 EST" duration-ms="15944" status="PASS">
          <reporter-output>
          </reporter-output>
        </test-method> <!-- login -->
      </class> <!-- com.wisdocity.automation.LoginTest -->
    </test> <!-- Surefire test -->
  </suite> <!-- Surefire suite -->
</testng-results>
